<?xml version="1.0" encoding="UTF-8"?>
<testsuite xmlns:xsi="http://www.w3.org/2001/XMLSchema-instance" xsi:noNamespaceSchemaLocation="https://maven.apache.org/surefire/maven-surefire-plugin/xsd/surefire-test-report-3.0.xsd" version="3.0" name="BioClusterManagerTest" time="0.361" tests="8" errors="0" skipped="0" failures="0">
  <properties>
[...]
</properties>
  <testcase name="testTC6_AmbasInvasoras" classname="BioClusterManagerTest" time="0.157"/>
  <testcase name="testTC2_DistanciaForaDoRaio" classname="BioClusterManagerTest" time="0.002"/>
  <testcase name="testTC4_EspeciesDiferentesModoInterVerdadeiro" classname="BioClusterManagerTest" time="0.038"/>
  <testcase name="testTC1_ConexaoValidaBase" classname="BioClusterManagerTest" time="0.005"/>
  <testcase name="testTC5_SaudeAbaixoThreshold" classname="BioClusterManagerTest" time="0.002"/>
  <testcase name="testListaVaziaOuUnitaria" classname="BioClusterManagerTest" time="0.002"/>
  <testcase name="testLimiteSeguranca" classname="BioClusterManagerTest" time="0.002"/>
  <testcase name="testTC3_EspeciesDiferentesModoInterFalso" classname="BioClusterManagerTest" time="0.002"/>
</testsuite>